[debug] [2025-09-15T08:31:35.653Z] ----------------------------------------------------------------------
[debug] [2025-09-15T08:31:35.654Z] Command:       /Users/HUAWEI/.nvm/versions/node/v20.19.5/bin/node /Users/HUAWEI/.nvm/versions/node/v20.19.5/bin/firebase emulators:start --only functions
[debug] [2025-09-15T08:31:35.654Z] CLI Version:   14.15.2
[debug] [2025-09-15T08:31:35.655Z] Platform:      darwin
[debug] [2025-09-15T08:31:35.655Z] Node Version:  v20.19.5
[debug] [2025-09-15T08:31:35.655Z] Time:          Mon Sep 15 2025 16:31:35 GMT+0800 (Philippine Standard Time)
[debug] [2025-09-15T08:31:35.655Z] ----------------------------------------------------------------------
[debug] 
[debug] [2025-09-15T08:31:35.781Z] > command requires scopes: ["email","openid","https://www.googleapis.com/auth/cloudplatformprojects.readonly","https://www.googleapis.com/auth/firebase","https://www.googleapis.com/auth/cloud-platform"]
[debug] [2025-09-15T08:31:35.781Z] > authorizing via signed-in user (reynaldoferrerjr12@gmail.com)
[info] i  emulators: Starting emulators: functions {"metadata":{"emulator":{"name":"hub"},"message":"Starting emulators: functions"}}
[debug] [2025-09-15T08:31:35.896Z] [logging] Logging Emulator only supports listening on one address (127.0.0.1). Not listening on ::1
[debug] [2025-09-15T08:31:35.897Z] assigned listening specs for emulators {"user":{"hub":[{"address":"127.0.0.1","family":"IPv4","port":4400},{"address":"::1","family":"IPv6","port":4400}],"ui":[{"address":"127.0.0.1","family":"IPv4","port":4000},{"address":"::1","family":"IPv6","port":4000}],"logging":[{"address":"127.0.0.1","family":"IPv4","port":4500}]},"metadata":{"message":"assigned listening specs for emulators"}}
[debug] [2025-09-15T08:31:35.899Z] [hub] writing locator at /var/folders/bf/jhy1l79x321_21c8_lcm582w0000gn/T/hub-devsrv-rey.json
[debug] [2025-09-15T08:31:36.006Z] [functions] Functions Emulator only supports listening on one address (127.0.0.1). Not listening on ::1
[debug] [2025-09-15T08:31:36.006Z] [eventarc] Eventarc Emulator only supports listening on one address (127.0.0.1). Not listening on ::1
[debug] [2025-09-15T08:31:36.007Z] [tasks] Cloud Tasks Emulator only supports listening on one address (127.0.0.1). Not listening on ::1
[debug] [2025-09-15T08:31:36.007Z] late-assigned ports for functions and eventarc emulators {"user":{"hub":[{"address":"127.0.0.1","family":"IPv4","port":4400},{"address":"::1","family":"IPv6","port":4400}],"ui":[{"address":"127.0.0.1","family":"IPv4","port":4000},{"address":"::1","family":"IPv6","port":4000}],"logging":[{"address":"127.0.0.1","family":"IPv4","port":4500}],"functions":[{"address":"127.0.0.1","family":"IPv4","port":5001}],"eventarc":[{"address":"127.0.0.1","family":"IPv4","port":9299}],"tasks":[{"address":"127.0.0.1","family":"IPv4","port":9499}]},"metadata":{"message":"late-assigned ports for functions and eventarc emulators"}}
[warn] ⚠  functions: The following emulators are not running, calls to these services from the Functions emulator will affect production: apphosting, auth, firestore, database, hosting, pubsub, storage, dataconnect {"metadata":{"emulator":{"name":"functions"},"message":"The following emulators are not running, calls to these services from the Functions emulator will affect production: \u001b[1mapphosting, auth, firestore, database, hosting, pubsub, storage, dataconnect\u001b[22m"}}
[debug] [2025-09-15T08:31:36.012Z] defaultcredentials: writing to file /Users/HUAWEI/.config/firebase/reynaldoferrerjr12_gmail_com_application_default_credentials.json
[debug] [2025-09-15T08:31:36.012Z] Setting GAC to /Users/HUAWEI/.config/firebase/reynaldoferrerjr12_gmail_com_application_default_credentials.json {"metadata":{"emulator":{"name":"functions"},"message":"Setting GAC to /Users/HUAWEI/.config/firebase/reynaldoferrerjr12_gmail_com_application_default_credentials.json"}}
[debug] [2025-09-15T08:31:36.013Z] Checked if tokens are valid: true, expires at: 1757928389061
[debug] [2025-09-15T08:31:36.013Z] Checked if tokens are valid: true, expires at: 1757928389061
[debug] [2025-09-15T08:31:36.013Z] >>> [apiv2][query] GET https://firebase.googleapis.com/v1beta1/projects/devsrv-rey/adminSdkConfig [none]
[debug] [2025-09-15T08:31:37.469Z] <<< [apiv2][status] GET https://firebase.googleapis.com/v1beta1/projects/devsrv-rey/adminSdkConfig 200
[debug] [2025-09-15T08:31:37.469Z] <<< [apiv2][body] GET https://firebase.googleapis.com/v1beta1/projects/devsrv-rey/adminSdkConfig {"projectId":"devsrv-rey","storageBucket":"devsrv-rey.firebasestorage.app"}
[info] i  functions: Watching "/Users/HUAWEI/Documents/Coding Stuff/SRV-ICP Coding Directories/SRV-WCHL/functions" for Cloud Functions... {"metadata":{"emulator":{"name":"functions"},"message":"Watching \"/Users/HUAWEI/Documents/Coding Stuff/SRV-ICP Coding Directories/SRV-WCHL/functions\" for Cloud Functions..."}}
[debug] [2025-09-15T08:31:37.492Z] Validating nodejs source
[debug] [2025-09-15T08:31:37.978Z] > [functions] package.json contents: {
  "name": "functions",
  "description": "Cloud Functions for Firebase",
  "scripts": {
    "lint": "eslint .",
    "serve": "firebase emulators:start --only functions",
    "shell": "firebase functions:shell",
    "start": "npm run shell",
    "deploy": "firebase deploy --only functions",
    "logs": "firebase functions:log"
  },
  "engines": {
    "node": "22"
  },
  "main": "index.js",
  "dependencies": {
    "crypto": "^1.0.1",
    "firebase-admin": "^12.7.0",
    "firebase-functions": "^6.0.1",
    "xendit-node": "^7.0.0"
  },
  "devDependencies": {
    "eslint": "^8.15.0",
    "eslint-config-google": "^0.14.0",
    "firebase-functions-test": "^3.1.0"
  },
  "private": true
}
[debug] [2025-09-15T08:31:37.979Z] Building nodejs source
[debug] [2025-09-15T08:31:37.979Z] Failed to find version of module node: reached end of search path /Users/HUAWEI/Documents/Coding Stuff/SRV-ICP Coding Directories/SRV-WCHL/functions/node_modules
[warn] ⚠  functions: Your requested "node" version "22" doesn't match your global version "20". Using node@20 from host. 
[debug] [2025-09-15T08:31:37.981Z] Could not find functions.yaml. Must use http discovery
[debug] [2025-09-15T08:31:37.985Z] Found firebase-functions binary at '/Users/HUAWEI/Documents/Coding Stuff/SRV-ICP Coding Directories/SRV-WCHL/functions/node_modules/.bin/firebase-functions'
[info] Serving at port 8930

[error] You are using Xendit's TEST secret key. Please use your LIVE secret key when you are ready to go live.

[info] Xendit client initialized successfully

[error] You are using Xendit's TEST secret key. Please use your LIVE secret key when you are ready to go live.

[info] Xendit client initialized successfully

[error] You are using Xendit's TEST secret key. Please use your LIVE secret key when you are ready to go live.

[info] Xendit client initialized successfully

[error] You are using Xendit's TEST secret key. Please use your LIVE secret key when you are ready to go live.

[info] Xendit client initialized successfully

[error] You are using Xendit's TEST secret key. Please use your LIVE secret key when you are ready to go live.

[info] Xendit client initialized successfully

[debug] [2025-09-15T08:31:38.383Z] Got response from /__/functions.yaml {"endpoints":{"onboardProvider":{"availableMemoryMb":null,"timeoutSeconds":null,"minInstances":null,"maxInstances":10,"ingressSettings":null,"concurrency":null,"serviceAccountEmail":null,"vpc":null,"platform":"gcfv2","labels":{},"httpsTrigger":{},"entryPoint":"onboardProvider"},"createDirectPayment":{"availableMemoryMb":null,"timeoutSeconds":null,"minInstances":null,"maxInstances":10,"ingressSettings":null,"concurrency":null,"serviceAccountEmail":null,"vpc":null,"platform":"gcfv2","labels":{},"callableTrigger":{},"entryPoint":"createDirectPayment"},"createTopupInvoice":{"availableMemoryMb":null,"timeoutSeconds":null,"minInstances":null,"maxInstances":10,"ingressSettings":null,"concurrency":null,"serviceAccountEmail":null,"vpc":null,"platform":"gcfv2","labels":{},"callableTrigger":{},"entryPoint":"createTopupInvoice"},"xenditWebhook":{"availableMemoryMb":null,"timeoutSeconds":null,"minInstances":null,"maxInstances":10,"ingressSettings":null,"concurrency":null,"serviceAccountEmail":null,"vpc":null,"platform":"gcfv2","labels":{},"httpsTrigger":{},"entryPoint":"xenditWebhook"},"checkProviderOnboarding":{"availableMemoryMb":null,"timeoutSeconds":null,"minInstances":null,"maxInstances":10,"ingressSettings":null,"concurrency":null,"serviceAccountEmail":null,"vpc":null,"platform":"gcfv2","labels":{},"httpsTrigger":{},"entryPoint":"checkProviderOnboarding"}},"specVersion":"v1alpha1","requiredAPIs":[],"extensions":{}}
[info] ✔  functions: Loaded functions definitions from source: onboardProvider, createDirectPayment, createTopupInvoice, xenditWebhook, checkProviderOnboarding. {"metadata":{"emulator":{"name":"functions"},"message":"Loaded functions definitions from source: onboardProvider, createDirectPayment, createTopupInvoice, xenditWebhook, checkProviderOnboarding."}}
[info] ✔  functions[us-central1-onboardProvider]: http function initialized (http://127.0.0.1:5001/devsrv-rey/us-central1/onboardProvider). {"metadata":{"emulator":{"name":"functions"},"message":"\u001b[1mhttp\u001b[22m function initialized (http://127.0.0.1:5001/devsrv-rey/us-central1/onboardProvider)."}}
[info] ✔  functions[us-central1-createDirectPayment]: http function initialized (http://127.0.0.1:5001/devsrv-rey/us-central1/createDirectPayment). {"metadata":{"emulator":{"name":"functions"},"message":"\u001b[1mhttp\u001b[22m function initialized (http://127.0.0.1:5001/devsrv-rey/us-central1/createDirectPayment)."}}
[info] ✔  functions[us-central1-createTopupInvoice]: http function initialized (http://127.0.0.1:5001/devsrv-rey/us-central1/createTopupInvoice). {"metadata":{"emulator":{"name":"functions"},"message":"\u001b[1mhttp\u001b[22m function initialized (http://127.0.0.1:5001/devsrv-rey/us-central1/createTopupInvoice)."}}
[info] ✔  functions[us-central1-xenditWebhook]: http function initialized (http://127.0.0.1:5001/devsrv-rey/us-central1/xenditWebhook). {"metadata":{"emulator":{"name":"functions"},"message":"\u001b[1mhttp\u001b[22m function initialized (http://127.0.0.1:5001/devsrv-rey/us-central1/xenditWebhook)."}}
[info] ✔  functions[us-central1-checkProviderOnboarding]: http function initialized (http://127.0.0.1:5001/devsrv-rey/us-central1/checkProviderOnboarding). {"metadata":{"emulator":{"name":"functions"},"message":"\u001b[1mhttp\u001b[22m function initialized (http://127.0.0.1:5001/devsrv-rey/us-central1/checkProviderOnboarding)."}}
[debug] [2025-09-15T08:31:42.414Z] Could not find VSCode notification endpoint: FetchError: request to http://localhost:40001/vscode/notify failed, reason: . If you are not running the Firebase Data Connect VSCode extension, this is expected and not an issue.
[info] 
┌─────────────────────────────────────────────────────────────┐
│ ✔  All emulators ready! It is now safe to connect your app. │
│ i  View Emulator UI at http://127.0.0.1:4000/               │
└─────────────────────────────────────────────────────────────┘

┌───────────┬────────────────┬─────────────────────────────────┐
│ Emulator  │ Host:Port      │ View in Emulator UI             │
├───────────┼────────────────┼─────────────────────────────────┤
│ Functions │ 127.0.0.1:5001 │ http://127.0.0.1:4000/functions │
└───────────┴────────────────┴─────────────────────────────────┘
  Emulator Hub host: 127.0.0.1 port: 4400
  Other reserved ports: 4500

Issues? Report them at https://github.com/firebase/firebase-tools/issues and attach the *-debug.log files.
 
[debug] [2025-09-15T08:31:50.896Z] [work-queue] {"queuedWork":["/devsrv-rey/us-central1/checkProviderOnboarding-2025-09-15T08:31:50.896Z"],"queueLength":1,"runningWork":[],"workRunningCount":0}
[debug] [2025-09-15T08:31:50.896Z] [work-queue] {"queuedWork":[],"queueLength":0,"runningWork":["/devsrv-rey/us-central1/checkProviderOnboarding-2025-09-15T08:31:50.896Z"],"workRunningCount":1}
[debug] [2025-09-15T08:31:50.896Z] Accepted request POST /devsrv-rey/us-central1/checkProviderOnboarding --> us-central1-checkProviderOnboarding
[debug] [2025-09-15T08:31:50.898Z] [functions] Runtime ready! Sending request! {"metadata":{"emulator":{"name":"functions"},"message":"[functions] Runtime ready! Sending request!"}}
[debug] [2025-09-15T08:31:50.898Z] [functions] Got req.url=/devsrv-rey/us-central1/checkProviderOnboarding, mapping to path=/ {"metadata":{"emulator":{"name":"functions"},"message":"[functions] Got req.url=/devsrv-rey/us-central1/checkProviderOnboarding, mapping to path=/"}}
[debug] [2025-09-15T08:31:50.900Z] [worker-pool] addWorker(us-central1-checkProviderOnboarding) {"metadata":{"emulator":{"name":"functions"},"message":"[worker-pool] addWorker(us-central1-checkProviderOnboarding)"}}
[debug] [2025-09-15T08:31:50.901Z] [worker-pool] Adding worker with key us-central1-checkProviderOnboarding, total=1 {"metadata":{"emulator":{"name":"functions"},"message":"[worker-pool] Adding worker with key us-central1-checkProviderOnboarding, total=1"}}
[debug] [2025-09-15T08:31:51.455Z] [runtime-status] [27112] Resolved module firebase-admin {"declared":true,"installed":true,"version":"12.7.0","resolution":"/Users/HUAWEI/Documents/Coding Stuff/SRV-ICP Coding Directories/SRV-WCHL/functions/node_modules/firebase-admin/lib/index.js"} {"metadata":{"emulator":{"name":"functions"},"function":{"name":"us-central1-checkProviderOnboarding"},"extension":{},"message":"[runtime-status] [27112] Resolved module firebase-admin {\"declared\":true,\"installed\":true,\"version\":\"12.7.0\",\"resolution\":\"/Users/HUAWEI/Documents/Coding Stuff/SRV-ICP Coding Directories/SRV-WCHL/functions/node_modules/firebase-admin/lib/index.js\"}"}}
[debug] [2025-09-15T08:31:51.455Z] [runtime-status] [27112] Resolved module firebase-functions {"declared":true,"installed":true,"version":"6.4.0","resolution":"/Users/HUAWEI/Documents/Coding Stuff/SRV-ICP Coding Directories/SRV-WCHL/functions/node_modules/firebase-functions/lib/v2/index.js"} {"metadata":{"emulator":{"name":"functions"},"function":{"name":"us-central1-checkProviderOnboarding"},"extension":{},"message":"[runtime-status] [27112] Resolved module firebase-functions {\"declared\":true,\"installed\":true,\"version\":\"6.4.0\",\"resolution\":\"/Users/HUAWEI/Documents/Coding Stuff/SRV-ICP Coding Directories/SRV-WCHL/functions/node_modules/firebase-functions/lib/v2/index.js\"}"}}
[debug] [2025-09-15T08:31:51.456Z] [runtime-status] [27112] Found local functions config: /Users/HUAWEI/Documents/Coding Stuff/SRV-ICP Coding Directories/SRV-WCHL/functions/.runtimeconfig.json {"metadata":{"emulator":{"name":"functions"},"function":{"name":"us-central1-checkProviderOnboarding"},"extension":{},"message":"[runtime-status] [27112] Found local functions config: /Users/HUAWEI/Documents/Coding Stuff/SRV-ICP Coding Directories/SRV-WCHL/functions/.runtimeconfig.json"}}
[debug] [2025-09-15T08:31:51.456Z] [runtime-status] [27112] Outgoing network have been stubbed. [{"name":"http","status":"mocked"},{"name":"http","status":"mocked"},{"name":"https","status":"mocked"},{"name":"https","status":"mocked"},{"name":"net","status":"mocked"}] {"metadata":{"emulator":{"name":"functions"},"function":{"name":"us-central1-checkProviderOnboarding"},"extension":{},"message":"[runtime-status] [27112] Outgoing network have been stubbed. [{\"name\":\"http\",\"status\":\"mocked\"},{\"name\":\"http\",\"status\":\"mocked\"},{\"name\":\"https\",\"status\":\"mocked\"},{\"name\":\"https\",\"status\":\"mocked\"},{\"name\":\"net\",\"status\":\"mocked\"}]"}}
[debug] [2025-09-15T08:31:51.456Z] [runtime-status] [27112] Resolved module firebase-functions {"declared":true,"installed":true,"version":"6.4.0","resolution":"/Users/HUAWEI/Documents/Coding Stuff/SRV-ICP Coding Directories/SRV-WCHL/functions/node_modules/firebase-functions/lib/v2/index.js"} {"metadata":{"emulator":{"name":"functions"},"function":{"name":"us-central1-checkProviderOnboarding"},"extension":{},"message":"[runtime-status] [27112] Resolved module firebase-functions {\"declared\":true,\"installed\":true,\"version\":\"6.4.0\",\"resolution\":\"/Users/HUAWEI/Documents/Coding Stuff/SRV-ICP Coding Directories/SRV-WCHL/functions/node_modules/firebase-functions/lib/v2/index.js\"}"}}
[debug] [2025-09-15T08:31:51.629Z] [runtime-status] [27112] Checked functions.config() {"config":{"xendit":{"secret_key":"xnd_development_aIPtqo5HOAQu1j9QqCtVVYbKGr8D4RcLl6e9t27HgYvWzvovc79qLUYNeoJ8lfot","callback_token":"yjP3SjBziNrXBe1oafwsFRU1JCcQYqVbvp3DQqXaMNpZNwX0"}}} {"metadata":{"emulator":{"name":"functions"},"function":{"name":"us-central1-checkProviderOnboarding"},"extension":{},"message":"[runtime-status] [27112] Checked functions.config() {\"config\":{\"xendit\":{\"secret_key\":\"xnd_development_aIPtqo5HOAQu1j9QqCtVVYbKGr8D4RcLl6e9t27HgYvWzvovc79qLUYNeoJ8lfot\",\"callback_token\":\"yjP3SjBziNrXBe1oafwsFRU1JCcQYqVbvp3DQqXaMNpZNwX0\"}}}"}}
[debug] [2025-09-15T08:31:51.630Z] [runtime-status] [27112] firebase-functions has been stubbed. {"functionsResolution":{"declared":true,"installed":true,"version":"6.4.0","resolution":"/Users/HUAWEI/Documents/Coding Stuff/SRV-ICP Coding Directories/SRV-WCHL/functions/node_modules/firebase-functions/lib/v2/index.js"}} {"metadata":{"emulator":{"name":"functions"},"function":{"name":"us-central1-checkProviderOnboarding"},"extension":{},"message":"[runtime-status] [27112] firebase-functions has been stubbed. {\"functionsResolution\":{\"declared\":true,\"installed\":true,\"version\":\"6.4.0\",\"resolution\":\"/Users/HUAWEI/Documents/Coding Stuff/SRV-ICP Coding Directories/SRV-WCHL/functions/node_modules/firebase-functions/lib/v2/index.js\"}}"}}
[debug] [2025-09-15T08:31:51.630Z] [runtime-status] [27112] Resolved module firebase-functions {"declared":true,"installed":true,"version":"6.4.0","resolution":"/Users/HUAWEI/Documents/Coding Stuff/SRV-ICP Coding Directories/SRV-WCHL/functions/node_modules/firebase-functions/lib/v2/index.js"} {"metadata":{"emulator":{"name":"functions"},"function":{"name":"us-central1-checkProviderOnboarding"},"extension":{},"message":"[runtime-status] [27112] Resolved module firebase-functions {\"declared\":true,\"installed\":true,\"version\":\"6.4.0\",\"resolution\":\"/Users/HUAWEI/Documents/Coding Stuff/SRV-ICP Coding Directories/SRV-WCHL/functions/node_modules/firebase-functions/lib/v2/index.js\"}"}}
[debug] [2025-09-15T08:31:51.631Z] [runtime-status] [27112] Resolved module firebase-admin {"declared":true,"installed":true,"version":"12.7.0","resolution":"/Users/HUAWEI/Documents/Coding Stuff/SRV-ICP Coding Directories/SRV-WCHL/functions/node_modules/firebase-admin/lib/index.js"} {"metadata":{"emulator":{"name":"functions"},"function":{"name":"us-central1-checkProviderOnboarding"},"extension":{},"message":"[runtime-status] [27112] Resolved module firebase-admin {\"declared\":true,\"installed\":true,\"version\":\"12.7.0\",\"resolution\":\"/Users/HUAWEI/Documents/Coding Stuff/SRV-ICP Coding Directories/SRV-WCHL/functions/node_modules/firebase-admin/lib/index.js\"}"}}
[debug] [2025-09-15T08:31:51.632Z] [runtime-status] [27112] Resolved module firebase-functions {"declared":true,"installed":true,"version":"6.4.0","resolution":"/Users/HUAWEI/Documents/Coding Stuff/SRV-ICP Coding Directories/SRV-WCHL/functions/node_modules/firebase-functions/lib/v2/index.js"} {"metadata":{"emulator":{"name":"functions"},"function":{"name":"us-central1-checkProviderOnboarding"},"extension":{},"message":"[runtime-status] [27112] Resolved module firebase-functions {\"declared\":true,\"installed\":true,\"version\":\"6.4.0\",\"resolution\":\"/Users/HUAWEI/Documents/Coding Stuff/SRV-ICP Coding Directories/SRV-WCHL/functions/node_modules/firebase-functions/lib/v2/index.js\"}"}}
[debug] [2025-09-15T08:31:51.632Z] [runtime-status] [27112] firebase-admin has been stubbed. {"adminResolution":{"declared":true,"installed":true,"version":"12.7.0","resolution":"/Users/HUAWEI/Documents/Coding Stuff/SRV-ICP Coding Directories/SRV-WCHL/functions/node_modules/firebase-admin/lib/index.js"}} {"metadata":{"emulator":{"name":"functions"},"function":{"name":"us-central1-checkProviderOnboarding"},"extension":{},"message":"[runtime-status] [27112] firebase-admin has been stubbed. {\"adminResolution\":{\"declared\":true,\"installed\":true,\"version\":\"12.7.0\",\"resolution\":\"/Users/HUAWEI/Documents/Coding Stuff/SRV-ICP Coding Directories/SRV-WCHL/functions/node_modules/firebase-admin/lib/index.js\"}}"}}
[info] >  You are using Xendit's TEST secret key. Please use your LIVE secret key when you are ready to go live. {"user":"You are using Xendit's TEST secret key. Please use your LIVE secret key when you are ready to go live.","metadata":{"emulator":{"name":"functions"},"function":{"name":"us-central1-checkProviderOnboarding"},"extension":{},"message":"\u001b[90m> \u001b[39m You are using Xendit's TEST secret key. Please use your LIVE secret key when you are ready to go live."}}
[info] >  Xendit client initialized successfully {"user":"Xendit client initialized successfully","metadata":{"emulator":{"name":"functions"},"function":{"name":"us-central1-checkProviderOnboarding"},"extension":{},"message":"\u001b[90m> \u001b[39m Xendit client initialized successfully"}}
[debug] [2025-09-15T08:31:51.732Z] [runtime-status] [27112] initializeApp(DEFAULT) {"storageBucket":"devsrv-rey.firebasestorage.app","projectId":"devsrv-rey"} {"metadata":{"emulator":{"name":"functions"},"function":{"name":"us-central1-checkProviderOnboarding"},"extension":{},"message":"[runtime-status] [27112] initializeApp(DEFAULT) {\"storageBucket\":\"devsrv-rey.firebasestorage.app\",\"projectId\":\"devsrv-rey\"}"}}
[info] >  You are using Xendit's TEST secret key. Please use your LIVE secret key when you are ready to go live. {"user":"You are using Xendit's TEST secret key. Please use your LIVE secret key when you are ready to go live.","metadata":{"emulator":{"name":"functions"},"function":{"name":"us-central1-checkProviderOnboarding"},"extension":{},"message":"\u001b[90m> \u001b[39m You are using Xendit's TEST secret key. Please use your LIVE secret key when you are ready to go live."}}
[info] >  Xendit client initialized successfully {"user":"Xendit client initialized successfully","metadata":{"emulator":{"name":"functions"},"function":{"name":"us-central1-checkProviderOnboarding"},"extension":{},"message":"\u001b[90m> \u001b[39m Xendit client initialized successfully"}}
[info] >  You are using Xendit's TEST secret key. Please use your LIVE secret key when you are ready to go live. {"user":"You are using Xendit's TEST secret key. Please use your LIVE secret key when you are ready to go live.","metadata":{"emulator":{"name":"functions"},"function":{"name":"us-central1-checkProviderOnboarding"},"extension":{},"message":"\u001b[90m> \u001b[39m You are using Xendit's TEST secret key. Please use your LIVE secret key when you are ready to go live."}}
[info] >  Xendit client initialized successfully {"user":"Xendit client initialized successfully","metadata":{"emulator":{"name":"functions"},"function":{"name":"us-central1-checkProviderOnboarding"},"extension":{},"message":"\u001b[90m> \u001b[39m Xendit client initialized successfully"}}
[info] >  You are using Xendit's TEST secret key. Please use your LIVE secret key when you are ready to go live. {"user":"You are using Xendit's TEST secret key. Please use your LIVE secret key when you are ready to go live.","metadata":{"emulator":{"name":"functions"},"function":{"name":"us-central1-checkProviderOnboarding"},"extension":{},"message":"\u001b[90m> \u001b[39m You are using Xendit's TEST secret key. Please use your LIVE secret key when you are ready to go live."}}
[info] >  Xendit client initialized successfully {"user":"Xendit client initialized successfully","metadata":{"emulator":{"name":"functions"},"function":{"name":"us-central1-checkProviderOnboarding"},"extension":{},"message":"\u001b[90m> \u001b[39m Xendit client initialized successfully"}}
[info] >  You are using Xendit's TEST secret key. Please use your LIVE secret key when you are ready to go live. {"user":"You are using Xendit's TEST secret key. Please use your LIVE secret key when you are ready to go live.","metadata":{"emulator":{"name":"functions"},"function":{"name":"us-central1-checkProviderOnboarding"},"extension":{},"message":"\u001b[90m> \u001b[39m You are using Xendit's TEST secret key. Please use your LIVE secret key when you are ready to go live."}}
[info] >  Xendit client initialized successfully {"user":"Xendit client initialized successfully","metadata":{"emulator":{"name":"functions"},"function":{"name":"us-central1-checkProviderOnboarding"},"extension":{},"message":"\u001b[90m> \u001b[39m Xendit client initialized successfully"}}
[debug] [2025-09-15T08:31:51.737Z] [runtime-status] [27112] Functions runtime initialized. {"cwd":"/Users/HUAWEI/Documents/Coding Stuff/SRV-ICP Coding Directories/SRV-WCHL/functions","node_version":"20.19.5"} {"metadata":{"emulator":{"name":"functions"},"function":{"name":"us-central1-checkProviderOnboarding"},"extension":{},"message":"[runtime-status] [27112] Functions runtime initialized. {\"cwd\":\"/Users/HUAWEI/Documents/Coding Stuff/SRV-ICP Coding Directories/SRV-WCHL/functions\",\"node_version\":\"20.19.5\"}"}}
[debug] [2025-09-15T08:31:51.737Z] [runtime-status] [27112] Listening to port: /var/folders/bf/jhy1l79x321_21c8_lcm582w0000gn/T/fire_emu_e65046db9561cf5b.sock {"metadata":{"emulator":{"name":"functions"},"function":{"name":"us-central1-checkProviderOnboarding"},"extension":{},"message":"[runtime-status] [27112] Listening to port: /var/folders/bf/jhy1l79x321_21c8_lcm582w0000gn/T/fire_emu_e65046db9561cf5b.sock"}}
[debug] [2025-09-15T08:31:51.819Z] [worker-us-central1-checkProviderOnboarding-48b51acb-c88d-4779-bb56-d06e7493e51f]: IDLE {"metadata":{"emulator":{"name":"functions"},"function":{"name":"us-central1-checkProviderOnboarding"},"extension":{},"message":"[worker-us-central1-checkProviderOnboarding-48b51acb-c88d-4779-bb56-d06e7493e51f]: IDLE"}}
[debug] [2025-09-15T08:31:51.819Z] [worker-pool] submitRequest(triggerId=us-central1-checkProviderOnboarding) {"metadata":{"emulator":{"name":"functions"},"message":"[worker-pool] submitRequest(triggerId=us-central1-checkProviderOnboarding)"}}
[info] i  functions: Beginning execution of "us-central1-checkProviderOnboarding" {"metadata":{"emulator":{"name":"functions"},"function":{"name":"us-central1-checkProviderOnboarding"},"extension":{},"message":"Beginning execution of \"us-central1-checkProviderOnboarding\""}}
[debug] [2025-09-15T08:31:51.819Z] [worker-us-central1-checkProviderOnboarding-48b51acb-c88d-4779-bb56-d06e7493e51f]: BUSY {"metadata":{"emulator":{"name":"functions"},"function":{"name":"us-central1-checkProviderOnboarding"},"extension":{},"message":"[worker-us-central1-checkProviderOnboarding-48b51acb-c88d-4779-bb56-d06e7493e51f]: BUSY"}}
[info] >  Xendit customer lookup result: { providerId: 'test-provider-123', found: false, customerId: null } {"user":"Xendit customer lookup result: { providerId: 'test-provider-123', found: false, customerId: null }","metadata":{"emulator":{"name":"functions"},"function":{"name":"us-central1-checkProviderOnboarding"},"extension":{},"message":"\u001b[90m> \u001b[39m Xendit customer lookup result: { providerId: 'test-provider-123', found: false, customerId: null }"}}
[warn] ⚠  functions: The Cloud Firestore emulator is not running, so calls to Firestore will affect production. {"metadata":{"emulator":{"name":"functions"},"function":{"name":"us-central1-checkProviderOnboarding"},"extension":{},"message":"The Cloud Firestore emulator is not running, so calls to Firestore will affect production."}}
[warn] ⚠  Google API requested!
   - URL: "https://oauth2.googleapis.com/token"
   - Be careful, this may be a production service. {"metadata":{"emulator":{"name":"functions"},"function":{"name":"us-central1-checkProviderOnboarding"},"extension":{},"message":"Google API requested!\n   - URL: \"https://oauth2.googleapis.com/token\"\n   - Be careful, this may be a production service."}}
[info] >  Error checking Firestore: Error: 7 PERMISSION_DENIED: Cloud Firestore API has not been used in project devsrv-rey before or it is disabled. Enable it by visiting https://console.developers.google.com/apis/api/firestore.googleapis.com/overview?project=devsrv-rey then retry. If you enabled this API recently, wait a few minutes for the action to propagate to our systems and retry. {"user":"Error checking Firestore: Error: 7 PERMISSION_DENIED: Cloud Firestore API has not been used in project devsrv-rey before or it is disabled. Enable it by visiting https://console.developers.google.com/apis/api/firestore.googleapis.com/overview?project=devsrv-rey then retry. If you enabled this API recently, wait a few minutes for the action to propagate to our systems and retry.","metadata":{"emulator":{"name":"functions"},"function":{"name":"us-central1-checkProviderOnboarding"},"extension":{},"message":"\u001b[90m> \u001b[39m Error checking Firestore: Error: 7 PERMISSION_DENIED: Cloud Firestore API has not been used in project devsrv-rey before or it is disabled. Enable it by visiting https://console.developers.google.com/apis/api/firestore.googleapis.com/overview?project=devsrv-rey then retry. If you enabled this API recently, wait a few minutes for the action to propagate to our systems and retry."}}
[info] >      at callErrorFromStatus (/Users/HUAWEI/Documents/Coding Stuff/SRV-ICP Coding Directories/SRV-WCHL/functions/node_modules/@grpc/grpc-js/build/src/call.js:32:19) {"user":"    at callErrorFromStatus (/Users/HUAWEI/Documents/Coding Stuff/SRV-ICP Coding Directories/SRV-WCHL/functions/node_modules/@grpc/grpc-js/build/src/call.js:32:19)","metadata":{"emulator":{"name":"functions"},"function":{"name":"us-central1-checkProviderOnboarding"},"extension":{},"message":"\u001b[90m> \u001b[39m     at callErrorFromStatus (/Users/HUAWEI/Documents/Coding Stuff/SRV-ICP Coding Directories/SRV-WCHL/functions/node_modules/@grpc/grpc-js/build/src/call.js:32:19)"}}
[info] >      at Object.onReceiveStatus (/Users/HUAWEI/Documents/Coding Stuff/SRV-ICP Coding Directories/SRV-WCHL/functions/node_modules/@grpc/grpc-js/build/src/client.js:359:73) {"user":"    at Object.onReceiveStatus (/Users/HUAWEI/Documents/Coding Stuff/SRV-ICP Coding Directories/SRV-WCHL/functions/node_modules/@grpc/grpc-js/build/src/client.js:359:73)","metadata":{"emulator":{"name":"functions"},"function":{"name":"us-central1-checkProviderOnboarding"},"extension":{},"message":"\u001b[90m> \u001b[39m     at Object.onReceiveStatus (/Users/HUAWEI/Documents/Coding Stuff/SRV-ICP Coding Directories/SRV-WCHL/functions/node_modules/@grpc/grpc-js/build/src/client.js:359:73)"}}
[info] >      at Object.onReceiveStatus (/Users/HUAWEI/Documents/Coding Stuff/SRV-ICP Coding Directories/SRV-WCHL/functions/node_modules/@grpc/grpc-js/build/src/client-interceptors.js:324:181) {"user":"    at Object.onReceiveStatus (/Users/HUAWEI/Documents/Coding Stuff/SRV-ICP Coding Directories/SRV-WCHL/functions/node_modules/@grpc/grpc-js/build/src/client-interceptors.js:324:181)","metadata":{"emulator":{"name":"functions"},"function":{"name":"us-central1-checkProviderOnboarding"},"extension":{},"message":"\u001b[90m> \u001b[39m     at Object.onReceiveStatus (/Users/HUAWEI/Documents/Coding Stuff/SRV-ICP Coding Directories/SRV-WCHL/functions/node_modules/@grpc/grpc-js/build/src/client-interceptors.js:324:181)"}}
[info] >      at /Users/HUAWEI/Documents/Coding Stuff/SRV-ICP Coding Directories/SRV-WCHL/functions/node_modules/@grpc/grpc-js/build/src/resolving-call.js:135:78 {"user":"    at /Users/HUAWEI/Documents/Coding Stuff/SRV-ICP Coding Directories/SRV-WCHL/functions/node_modules/@grpc/grpc-js/build/src/resolving-call.js:135:78","metadata":{"emulator":{"name":"functions"},"function":{"name":"us-central1-checkProviderOnboarding"},"extension":{},"message":"\u001b[90m> \u001b[39m     at /Users/HUAWEI/Documents/Coding Stuff/SRV-ICP Coding Directories/SRV-WCHL/functions/node_modules/@grpc/grpc-js/build/src/resolving-call.js:135:78"}}
[info] >      at process.processTicksAndRejections (node:internal/process/task_queues:77:11) {"user":"    at process.processTicksAndRejections (node:internal/process/task_queues:77:11)","metadata":{"emulator":{"name":"functions"},"function":{"name":"us-central1-checkProviderOnboarding"},"extension":{},"message":"\u001b[90m> \u001b[39m     at process.processTicksAndRejections (node:internal/process/task_queues:77:11)"}}
[info] >  for call at {"user":"for call at","metadata":{"emulator":{"name":"functions"},"function":{"name":"us-central1-checkProviderOnboarding"},"extension":{},"message":"\u001b[90m> \u001b[39m for call at"}}
[info] >      at ServiceClientImpl.makeServerStreamRequest (/Users/HUAWEI/Documents/Coding Stuff/SRV-ICP Coding Directories/SRV-WCHL/functions/node_modules/@grpc/grpc-js/build/src/client.js:342:32) {"user":"    at ServiceClientImpl.makeServerStreamRequest (/Users/HUAWEI/Documents/Coding Stuff/SRV-ICP Coding Directories/SRV-WCHL/functions/node_modules/@grpc/grpc-js/build/src/client.js:342:32)","metadata":{"emulator":{"name":"functions"},"function":{"name":"us-central1-checkProviderOnboarding"},"extension":{},"message":"\u001b[90m> \u001b[39m     at ServiceClientImpl.makeServerStreamRequest (/Users/HUAWEI/Documents/Coding Stuff/SRV-ICP Coding Directories/SRV-WCHL/functions/node_modules/@grpc/grpc-js/build/src/client.js:342:32)"}}
[info] >      at ServiceClientImpl.<anonymous> (/Users/HUAWEI/Documents/Coding Stuff/SRV-ICP Coding Directories/SRV-WCHL/functions/node_modules/@grpc/grpc-js/build/src/make-client.js:105:19) {"user":"    at ServiceClientImpl.<anonymous> (/Users/HUAWEI/Documents/Coding Stuff/SRV-ICP Coding Directories/SRV-WCHL/functions/node_modules/@grpc/grpc-js/build/src/make-client.js:105:19)","metadata":{"emulator":{"name":"functions"},"function":{"name":"us-central1-checkProviderOnboarding"},"extension":{},"message":"\u001b[90m> \u001b[39m     at ServiceClientImpl.<anonymous> (/Users/HUAWEI/Documents/Coding Stuff/SRV-ICP Coding Directories/SRV-WCHL/functions/node_modules/@grpc/grpc-js/build/src/make-client.js:105:19)"}}
[info] >      at /Users/HUAWEI/Documents/Coding Stuff/SRV-ICP Coding Directories/SRV-WCHL/functions/node_modules/@google-cloud/firestore/build/src/v1/firestore_client.js:242:33 {"user":"    at /Users/HUAWEI/Documents/Coding Stuff/SRV-ICP Coding Directories/SRV-WCHL/functions/node_modules/@google-cloud/firestore/build/src/v1/firestore_client.js:242:33","metadata":{"emulator":{"name":"functions"},"function":{"name":"us-central1-checkProviderOnboarding"},"extension":{},"message":"\u001b[90m> \u001b[39m     at /Users/HUAWEI/Documents/Coding Stuff/SRV-ICP Coding Directories/SRV-WCHL/functions/node_modules/@google-cloud/firestore/build/src/v1/firestore_client.js:242:33"}}
[info] >      at /Users/HUAWEI/Documents/Coding Stuff/SRV-ICP Coding Directories/SRV-WCHL/functions/node_modules/google-gax/build/src/streamingCalls/streamingApiCaller.js:38:28 {"user":"    at /Users/HUAWEI/Documents/Coding Stuff/SRV-ICP Coding Directories/SRV-WCHL/functions/node_modules/google-gax/build/src/streamingCalls/streamingApiCaller.js:38:28","metadata":{"emulator":{"name":"functions"},"function":{"name":"us-central1-checkProviderOnboarding"},"extension":{},"message":"\u001b[90m> \u001b[39m     at /Users/HUAWEI/Documents/Coding Stuff/SRV-ICP Coding Directories/SRV-WCHL/functions/node_modules/google-gax/build/src/streamingCalls/streamingApiCaller.js:38:28"}}
[info] >      at /Users/HUAWEI/Documents/Coding Stuff/SRV-ICP Coding Directories/SRV-WCHL/functions/node_modules/google-gax/build/src/normalCalls/timeout.js:44:16 {"user":"    at /Users/HUAWEI/Documents/Coding Stuff/SRV-ICP Coding Directories/SRV-WCHL/functions/node_modules/google-gax/build/src/normalCalls/timeout.js:44:16","metadata":{"emulator":{"name":"functions"},"function":{"name":"us-central1-checkProviderOnboarding"},"extension":{},"message":"\u001b[90m> \u001b[39m     at /Users/HUAWEI/Documents/Coding Stuff/SRV-ICP Coding Directories/SRV-WCHL/functions/node_modules/google-gax/build/src/normalCalls/timeout.js:44:16"}}
[info] >      at Object.request (/Users/HUAWEI/Documents/Coding Stuff/SRV-ICP Coding Directories/SRV-WCHL/functions/node_modules/google-gax/build/src/streamingCalls/streaming.js:234:40) {"user":"    at Object.request (/Users/HUAWEI/Documents/Coding Stuff/SRV-ICP Coding Directories/SRV-WCHL/functions/node_modules/google-gax/build/src/streamingCalls/streaming.js:234:40)","metadata":{"emulator":{"name":"functions"},"function":{"name":"us-central1-checkProviderOnboarding"},"extension":{},"message":"\u001b[90m> \u001b[39m     at Object.request (/Users/HUAWEI/Documents/Coding Stuff/SRV-ICP Coding Directories/SRV-WCHL/functions/node_modules/google-gax/build/src/streamingCalls/streaming.js:234:40)"}}
[info] >      at makeRequest (/Users/HUAWEI/Documents/Coding Stuff/SRV-ICP Coding Directories/SRV-WCHL/functions/node_modules/retry-request/index.js:159:28) {"user":"    at makeRequest (/Users/HUAWEI/Documents/Coding Stuff/SRV-ICP Coding Directories/SRV-WCHL/functions/node_modules/retry-request/index.js:159:28)","metadata":{"emulator":{"name":"functions"},"function":{"name":"us-central1-checkProviderOnboarding"},"extension":{},"message":"\u001b[90m> \u001b[39m     at makeRequest (/Users/HUAWEI/Documents/Coding Stuff/SRV-ICP Coding Directories/SRV-WCHL/functions/node_modules/retry-request/index.js:159:28)"}}
[info] >      at retryRequest (/Users/HUAWEI/Documents/Coding Stuff/SRV-ICP Coding Directories/SRV-WCHL/functions/node_modules/retry-request/index.js:119:5) {"user":"    at retryRequest (/Users/HUAWEI/Documents/Coding Stuff/SRV-ICP Coding Directories/SRV-WCHL/functions/node_modules/retry-request/index.js:119:5)","metadata":{"emulator":{"name":"functions"},"function":{"name":"us-central1-checkProviderOnboarding"},"extension":{},"message":"\u001b[90m> \u001b[39m     at retryRequest (/Users/HUAWEI/Documents/Coding Stuff/SRV-ICP Coding Directories/SRV-WCHL/functions/node_modules/retry-request/index.js:119:5)"}}
[info] >      at StreamProxy.setStream (/Users/HUAWEI/Documents/Coding Stuff/SRV-ICP Coding Directories/SRV-WCHL/functions/node_modules/google-gax/build/src/streamingCalls/streaming.js:225:37) {"user":"    at StreamProxy.setStream (/Users/HUAWEI/Documents/Coding Stuff/SRV-ICP Coding Directories/SRV-WCHL/functions/node_modules/google-gax/build/src/streamingCalls/streaming.js:225:37)","metadata":{"emulator":{"name":"functions"},"function":{"name":"us-central1-checkProviderOnboarding"},"extension":{},"message":"\u001b[90m> \u001b[39m     at StreamProxy.setStream (/Users/HUAWEI/Documents/Coding Stuff/SRV-ICP Coding Directories/SRV-WCHL/functions/node_modules/google-gax/build/src/streamingCalls/streaming.js:225:37)"}}
[info] >      at StreamingApiCaller.call (/Users/HUAWEI/Documents/Coding Stuff/SRV-ICP Coding Directories/SRV-WCHL/functions/node_modules/google-gax/build/src/streamingCalls/streamingApiCaller.js:54:16) {"user":"    at StreamingApiCaller.call (/Users/HUAWEI/Documents/Coding Stuff/SRV-ICP Coding Directories/SRV-WCHL/functions/node_modules/google-gax/build/src/streamingCalls/streamingApiCaller.js:54:16)","metadata":{"emulator":{"name":"functions"},"function":{"name":"us-central1-checkProviderOnboarding"},"extension":{},"message":"\u001b[90m> \u001b[39m     at StreamingApiCaller.call (/Users/HUAWEI/Documents/Coding Stuff/SRV-ICP Coding Directories/SRV-WCHL/functions/node_modules/google-gax/build/src/streamingCalls/streamingApiCaller.js:54:16)"}}
[info] >  Caused by: Error {"user":"Caused by: Error","metadata":{"emulator":{"name":"functions"},"function":{"name":"us-central1-checkProviderOnboarding"},"extension":{},"message":"\u001b[90m> \u001b[39m Caused by: Error"}}
[info] >      at /Users/HUAWEI/Documents/Coding Stuff/SRV-ICP Coding Directories/SRV-WCHL/functions/node_modules/@google-cloud/firestore/build/src/index.js:1040:27 {"user":"    at /Users/HUAWEI/Documents/Coding Stuff/SRV-ICP Coding Directories/SRV-WCHL/functions/node_modules/@google-cloud/firestore/build/src/index.js:1040:27","metadata":{"emulator":{"name":"functions"},"function":{"name":"us-central1-checkProviderOnboarding"},"extension":{},"message":"\u001b[90m> \u001b[39m     at /Users/HUAWEI/Documents/Coding Stuff/SRV-ICP Coding Directories/SRV-WCHL/functions/node_modules/@google-cloud/firestore/build/src/index.js:1040:27"}}
[info] >      at /Users/HUAWEI/Documents/Coding Stuff/SRV-ICP Coding Directories/SRV-WCHL/functions/node_modules/@google-cloud/firestore/build/src/telemetry/enabled-trace-util.js:110:30 {"user":"    at /Users/HUAWEI/Documents/Coding Stuff/SRV-ICP Coding Directories/SRV-WCHL/functions/node_modules/@google-cloud/firestore/build/src/telemetry/enabled-trace-util.js:110:30","metadata":{"emulator":{"name":"functions"},"function":{"name":"us-central1-checkProviderOnboarding"},"extension":{},"message":"\u001b[90m> \u001b[39m     at /Users/HUAWEI/Documents/Coding Stuff/SRV-ICP Coding Directories/SRV-WCHL/functions/node_modules/@google-cloud/firestore/build/src/telemetry/enabled-trace-util.js:110:30"}}
[info] >      at NoopContextManager.with (/Users/HUAWEI/Documents/Coding Stuff/SRV-ICP Coding Directories/SRV-WCHL/functions/node_modules/@opentelemetry/api/build/src/context/NoopContextManager.js:25:19) {"user":"    at NoopContextManager.with (/Users/HUAWEI/Documents/Coding Stuff/SRV-ICP Coding Directories/SRV-WCHL/functions/node_modules/@opentelemetry/api/build/src/context/NoopContextManager.js:25:19)","metadata":{"emulator":{"name":"functions"},"function":{"name":"us-central1-checkProviderOnboarding"},"extension":{},"message":"\u001b[90m> \u001b[39m     at NoopContextManager.with (/Users/HUAWEI/Documents/Coding Stuff/SRV-ICP Coding Directories/SRV-WCHL/functions/node_modules/@opentelemetry/api/build/src/context/NoopContextManager.js:25:19)"}}
[info] >      at ContextAPI.with (/Users/HUAWEI/Documents/Coding Stuff/SRV-ICP Coding Directories/SRV-WCHL/functions/node_modules/@opentelemetry/api/build/src/api/context.js:60:46) {"user":"    at ContextAPI.with (/Users/HUAWEI/Documents/Coding Stuff/SRV-ICP Coding Directories/SRV-WCHL/functions/node_modules/@opentelemetry/api/build/src/api/context.js:60:46)","metadata":{"emulator":{"name":"functions"},"function":{"name":"us-central1-checkProviderOnboarding"},"extension":{},"message":"\u001b[90m> \u001b[39m     at ContextAPI.with (/Users/HUAWEI/Documents/Coding Stuff/SRV-ICP Coding Directories/SRV-WCHL/functions/node_modules/@opentelemetry/api/build/src/api/context.js:60:46)"}}
[info] >      at NoopTracer.startActiveSpan (/Users/HUAWEI/Documents/Coding Stuff/SRV-ICP Coding Directories/SRV-WCHL/functions/node_modules/@opentelemetry/api/build/src/trace/NoopTracer.js:65:31) {"user":"    at NoopTracer.startActiveSpan (/Users/HUAWEI/Documents/Coding Stuff/SRV-ICP Coding Directories/SRV-WCHL/functions/node_modules/@opentelemetry/api/build/src/trace/NoopTracer.js:65:31)","metadata":{"emulator":{"name":"functions"},"function":{"name":"us-central1-checkProviderOnboarding"},"extension":{},"message":"\u001b[90m> \u001b[39m     at NoopTracer.startActiveSpan (/Users/HUAWEI/Documents/Coding Stuff/SRV-ICP Coding Directories/SRV-WCHL/functions/node_modules/@opentelemetry/api/build/src/trace/NoopTracer.js:65:31)"}}
[info] >      at ProxyTracer.startActiveSpan (/Users/HUAWEI/Documents/Coding Stuff/SRV-ICP Coding Directories/SRV-WCHL/functions/node_modules/@opentelemetry/api/build/src/trace/ProxyTracer.js:36:24) {"user":"    at ProxyTracer.startActiveSpan (/Users/HUAWEI/Documents/Coding Stuff/SRV-ICP Coding Directories/SRV-WCHL/functions/node_modules/@opentelemetry/api/build/src/trace/ProxyTracer.js:36:24)","metadata":{"emulator":{"name":"functions"},"function":{"name":"us-central1-checkProviderOnboarding"},"extension":{},"message":"\u001b[90m> \u001b[39m     at ProxyTracer.startActiveSpan (/Users/HUAWEI/Documents/Coding Stuff/SRV-ICP Coding Directories/SRV-WCHL/functions/node_modules/@opentelemetry/api/build/src/trace/ProxyTracer.js:36:24)"}}
[info] >      at EnabledTraceUtil.startActiveSpan (/Users/HUAWEI/Documents/Coding Stuff/SRV-ICP Coding Directories/SRV-WCHL/functions/node_modules/@google-cloud/firestore/build/src/telemetry/enabled-trace-util.js:102:28) {"user":"    at EnabledTraceUtil.startActiveSpan (/Users/HUAWEI/Documents/Coding Stuff/SRV-ICP Coding Directories/SRV-WCHL/functions/node_modules/@google-cloud/firestore/build/src/telemetry/enabled-trace-util.js:102:28)","metadata":{"emulator":{"name":"functions"},"function":{"name":"us-central1-checkProviderOnboarding"},"extension":{},"message":"\u001b[90m> \u001b[39m     at EnabledTraceUtil.startActiveSpan (/Users/HUAWEI/Documents/Coding Stuff/SRV-ICP Coding Directories/SRV-WCHL/functions/node_modules/@google-cloud/firestore/build/src/telemetry/enabled-trace-util.js:102:28)"}}
[info] >      at Firestore.getAll (/Users/HUAWEI/Documents/Coding Stuff/SRV-ICP Coding Directories/SRV-WCHL/functions/node_modules/@google-cloud/firestore/build/src/index.js:1031:32) {"user":"    at Firestore.getAll (/Users/HUAWEI/Documents/Coding Stuff/SRV-ICP Coding Directories/SRV-WCHL/functions/node_modules/@google-cloud/firestore/build/src/index.js:1031:32)","metadata":{"emulator":{"name":"functions"},"function":{"name":"us-central1-checkProviderOnboarding"},"extension":{},"message":"\u001b[90m> \u001b[39m     at Firestore.getAll (/Users/HUAWEI/Documents/Coding Stuff/SRV-ICP Coding Directories/SRV-WCHL/functions/node_modules/@google-cloud/firestore/build/src/index.js:1031:32)"}}
[info] >      at /Users/HUAWEI/Documents/Coding Stuff/SRV-ICP Coding Directories/SRV-WCHL/functions/node_modules/@google-cloud/firestore/build/src/reference/document-reference.js:182:36 {"user":"    at /Users/HUAWEI/Documents/Coding Stuff/SRV-ICP Coding Directories/SRV-WCHL/functions/node_modules/@google-cloud/firestore/build/src/reference/document-reference.js:182:36","metadata":{"emulator":{"name":"functions"},"function":{"name":"us-central1-checkProviderOnboarding"},"extension":{},"message":"\u001b[90m> \u001b[39m     at /Users/HUAWEI/Documents/Coding Stuff/SRV-ICP Coding Directories/SRV-WCHL/functions/node_modules/@google-cloud/firestore/build/src/reference/document-reference.js:182:36"}}
[info] >      at /Users/HUAWEI/Documents/Coding Stuff/SRV-ICP Coding Directories/SRV-WCHL/functions/node_modules/@google-cloud/firestore/build/src/telemetry/enabled-trace-util.js:110:30 { {"user":"    at /Users/HUAWEI/Documents/Coding Stuff/SRV-ICP Coding Directories/SRV-WCHL/functions/node_modules/@google-cloud/firestore/build/src/telemetry/enabled-trace-util.js:110:30 {","metadata":{"emulator":{"name":"functions"},"function":{"name":"us-central1-checkProviderOnboarding"},"extension":{},"message":"\u001b[90m> \u001b[39m     at /Users/HUAWEI/Documents/Coding Stuff/SRV-ICP Coding Directories/SRV-WCHL/functions/node_modules/@google-cloud/firestore/build/src/telemetry/enabled-trace-util.js:110:30 {"}}
[info] >    code: 7, {"user":"  code: 7,","metadata":{"emulator":{"name":"functions"},"function":{"name":"us-central1-checkProviderOnboarding"},"extension":{},"message":"\u001b[90m> \u001b[39m   code: 7,"}}
[info] >    details: 'Cloud Firestore API has not been used in project devsrv-rey before or it is disabled. Enable it by visiting https://console.developers.google.com/apis/api/firestore.googleapis.com/overview?project=devsrv-rey then retry. If you enabled this API recently, wait a few minutes for the action to propagate to our systems and retry.', {"user":"  details: 'Cloud Firestore API has not been used in project devsrv-rey before or it is disabled. Enable it by visiting https://console.developers.google.com/apis/api/firestore.googleapis.com/overview?project=devsrv-rey then retry. If you enabled this API recently, wait a few minutes for the action to propagate to our systems and retry.',","metadata":{"emulator":{"name":"functions"},"function":{"name":"us-central1-checkProviderOnboarding"},"extension":{},"message":"\u001b[90m> \u001b[39m   details: 'Cloud Firestore API has not been used in project devsrv-rey before or it is disabled. Enable it by visiting https://console.developers.google.com/apis/api/firestore.googleapis.com/overview?project=devsrv-rey then retry. If you enabled this API recently, wait a few minutes for the action to propagate to our systems and retry.',"}}
[info] >    metadata: Metadata { {"user":"  metadata: Metadata {","metadata":{"emulator":{"name":"functions"},"function":{"name":"us-central1-checkProviderOnboarding"},"extension":{},"message":"\u001b[90m> \u001b[39m   metadata: Metadata {"}}
[info] >      internalRepr: Map(5) { {"user":"    internalRepr: Map(5) {","metadata":{"emulator":{"name":"functions"},"function":{"name":"us-central1-checkProviderOnboarding"},"extension":{},"message":"\u001b[90m> \u001b[39m     internalRepr: Map(5) {"}}
[info] >        'google.rpc.errorinfo-bin' => [Array], {"user":"      'google.rpc.errorinfo-bin' => [Array],","metadata":{"emulator":{"name":"functions"},"function":{"name":"us-central1-checkProviderOnboarding"},"extension":{},"message":"\u001b[90m> \u001b[39m       'google.rpc.errorinfo-bin' => [Array],"}}
[info] >        'google.rpc.help-bin' => [Array], {"user":"      'google.rpc.help-bin' => [Array],","metadata":{"emulator":{"name":"functions"},"function":{"name":"us-central1-checkProviderOnboarding"},"extension":{},"message":"\u001b[90m> \u001b[39m       'google.rpc.help-bin' => [Array],"}}
[info] >        'google.rpc.localizedmessage-bin' => [Array], {"user":"      'google.rpc.localizedmessage-bin' => [Array],","metadata":{"emulator":{"name":"functions"},"function":{"name":"us-central1-checkProviderOnboarding"},"extension":{},"message":"\u001b[90m> \u001b[39m       'google.rpc.localizedmessage-bin' => [Array],"}}
[info] >        'grpc-status-details-bin' => [Array], {"user":"      'grpc-status-details-bin' => [Array],","metadata":{"emulator":{"name":"functions"},"function":{"name":"us-central1-checkProviderOnboarding"},"extension":{},"message":"\u001b[90m> \u001b[39m       'grpc-status-details-bin' => [Array],"}}
[info] >        'x-debug-tracking-id' => [Array] {"user":"      'x-debug-tracking-id' => [Array]","metadata":{"emulator":{"name":"functions"},"function":{"name":"us-central1-checkProviderOnboarding"},"extension":{},"message":"\u001b[90m> \u001b[39m       'x-debug-tracking-id' => [Array]"}}
[info] >      }, {"user":"    },","metadata":{"emulator":{"name":"functions"},"function":{"name":"us-central1-checkProviderOnboarding"},"extension":{},"message":"\u001b[90m> \u001b[39m     },"}}
[info] >      options: {} {"user":"    options: {}","metadata":{"emulator":{"name":"functions"},"function":{"name":"us-central1-checkProviderOnboarding"},"extension":{},"message":"\u001b[90m> \u001b[39m     options: {}"}}
[info] >    }, {"user":"  },","metadata":{"emulator":{"name":"functions"},"function":{"name":"us-central1-checkProviderOnboarding"},"extension":{},"message":"\u001b[90m> \u001b[39m   },"}}
[info] >    statusDetails: [ {"user":"  statusDetails: [","metadata":{"emulator":{"name":"functions"},"function":{"name":"us-central1-checkProviderOnboarding"},"extension":{},"message":"\u001b[90m> \u001b[39m   statusDetails: ["}}
[info] >      ErrorInfo { {"user":"    ErrorInfo {","metadata":{"emulator":{"name":"functions"},"function":{"name":"us-central1-checkProviderOnboarding"},"extension":{},"message":"\u001b[90m> \u001b[39m     ErrorInfo {"}}
[info] >        metadata: [Object], {"user":"      metadata: [Object],","metadata":{"emulator":{"name":"functions"},"function":{"name":"us-central1-checkProviderOnboarding"},"extension":{},"message":"\u001b[90m> \u001b[39m       metadata: [Object],"}}
[info] >        reason: 'SERVICE_DISABLED', {"user":"      reason: 'SERVICE_DISABLED',","metadata":{"emulator":{"name":"functions"},"function":{"name":"us-central1-checkProviderOnboarding"},"extension":{},"message":"\u001b[90m> \u001b[39m       reason: 'SERVICE_DISABLED',"}}
[info] >        domain: 'googleapis.com' {"user":"      domain: 'googleapis.com'","metadata":{"emulator":{"name":"functions"},"function":{"name":"us-central1-checkProviderOnboarding"},"extension":{},"message":"\u001b[90m> \u001b[39m       domain: 'googleapis.com'"}}
[info] >      }, {"user":"    },","metadata":{"emulator":{"name":"functions"},"function":{"name":"us-central1-checkProviderOnboarding"},"extension":{},"message":"\u001b[90m> \u001b[39m     },"}}
[info] >      LocalizedMessage { {"user":"    LocalizedMessage {","metadata":{"emulator":{"name":"functions"},"function":{"name":"us-central1-checkProviderOnboarding"},"extension":{},"message":"\u001b[90m> \u001b[39m     LocalizedMessage {"}}
[info] >        locale: 'en-US', {"user":"      locale: 'en-US',","metadata":{"emulator":{"name":"functions"},"function":{"name":"us-central1-checkProviderOnboarding"},"extension":{},"message":"\u001b[90m> \u001b[39m       locale: 'en-US',"}}
[info] >        message: 'Cloud Firestore API has not been used in project devsrv-rey before or it is disabled. Enable it by visiting https://console.developers.google.com/apis/api/firestore.googleapis.com/overview?project=devsrv-rey then retry. If you enabled this API recently, wait a few minutes for the action to propagate to our systems and retry.' {"user":"      message: 'Cloud Firestore API has not been used in project devsrv-rey before or it is disabled. Enable it by visiting https://console.developers.google.com/apis/api/firestore.googleapis.com/overview?project=devsrv-rey then retry. If you enabled this API recently, wait a few minutes for the action to propagate to our systems and retry.'","metadata":{"emulator":{"name":"functions"},"function":{"name":"us-central1-checkProviderOnboarding"},"extension":{},"message":"\u001b[90m> \u001b[39m       message: 'Cloud Firestore API has not been used in project devsrv-rey before or it is disabled. Enable it by visiting https://console.developers.google.com/apis/api/firestore.googleapis.com/overview?project=devsrv-rey then retry. If you enabled this API recently, wait a few minutes for the action to propagate to our systems and retry.'"}}
[info] >      }, {"user":"    },","metadata":{"emulator":{"name":"functions"},"function":{"name":"us-central1-checkProviderOnboarding"},"extension":{},"message":"\u001b[90m> \u001b[39m     },"}}
[info] >      Help { links: [Array] } {"user":"    Help { links: [Array] }","metadata":{"emulator":{"name":"functions"},"function":{"name":"us-central1-checkProviderOnboarding"},"extension":{},"message":"\u001b[90m> \u001b[39m     Help { links: [Array] }"}}
[info] >    ], {"user":"  ],","metadata":{"emulator":{"name":"functions"},"function":{"name":"us-central1-checkProviderOnboarding"},"extension":{},"message":"\u001b[90m> \u001b[39m   ],"}}
[info] >    reason: 'SERVICE_DISABLED', {"user":"  reason: 'SERVICE_DISABLED',","metadata":{"emulator":{"name":"functions"},"function":{"name":"us-central1-checkProviderOnboarding"},"extension":{},"message":"\u001b[90m> \u001b[39m   reason: 'SERVICE_DISABLED',"}}
[info] >    domain: 'googleapis.com', {"user":"  domain: 'googleapis.com',","metadata":{"emulator":{"name":"functions"},"function":{"name":"us-central1-checkProviderOnboarding"},"extension":{},"message":"\u001b[90m> \u001b[39m   domain: 'googleapis.com',"}}
[info] >    errorInfoMetadata: { {"user":"  errorInfoMetadata: {","metadata":{"emulator":{"name":"functions"},"function":{"name":"us-central1-checkProviderOnboarding"},"extension":{},"message":"\u001b[90m> \u001b[39m   errorInfoMetadata: {"}}
[info] >      serviceTitle: 'Cloud Firestore API', {"user":"    serviceTitle: 'Cloud Firestore API',","metadata":{"emulator":{"name":"functions"},"function":{"name":"us-central1-checkProviderOnboarding"},"extension":{},"message":"\u001b[90m> \u001b[39m     serviceTitle: 'Cloud Firestore API',"}}
[info] >      containerInfo: 'devsrv-rey', {"user":"    containerInfo: 'devsrv-rey',","metadata":{"emulator":{"name":"functions"},"function":{"name":"us-central1-checkProviderOnboarding"},"extension":{},"message":"\u001b[90m> \u001b[39m     containerInfo: 'devsrv-rey',"}}
[info] >      service: 'firestore.googleapis.com', {"user":"    service: 'firestore.googleapis.com',","metadata":{"emulator":{"name":"functions"},"function":{"name":"us-central1-checkProviderOnboarding"},"extension":{},"message":"\u001b[90m> \u001b[39m     service: 'firestore.googleapis.com',"}}
[info] >      activationUrl: 'https://console.developers.google.com/apis/api/firestore.googleapis.com/overview?project=devsrv-rey', {"user":"    activationUrl: 'https://console.developers.google.com/apis/api/firestore.googleapis.com/overview?project=devsrv-rey',","metadata":{"emulator":{"name":"functions"},"function":{"name":"us-central1-checkProviderOnboarding"},"extension":{},"message":"\u001b[90m> \u001b[39m     activationUrl: 'https://console.developers.google.com/apis/api/firestore.googleapis.com/overview?project=devsrv-rey',"}}
[info] >      consumer: 'projects/devsrv-rey' {"user":"    consumer: 'projects/devsrv-rey'","metadata":{"emulator":{"name":"functions"},"function":{"name":"us-central1-checkProviderOnboarding"},"extension":{},"message":"\u001b[90m> \u001b[39m     consumer: 'projects/devsrv-rey'"}}
[info] >    } {"user":"  }","metadata":{"emulator":{"name":"functions"},"function":{"name":"us-central1-checkProviderOnboarding"},"extension":{},"message":"\u001b[90m> \u001b[39m   }"}}
[info] >  } {"user":"}","metadata":{"emulator":{"name":"functions"},"function":{"name":"us-central1-checkProviderOnboarding"},"extension":{},"message":"\u001b[90m> \u001b[39m }"}}
[info] >  Provider test-provider-123 onboarding status: { isOnboarded: null, xenditFound: false, firestoreFound: false } {"user":"Provider test-provider-123 onboarding status: { isOnboarded: null, xenditFound: false, firestoreFound: false }","metadata":{"emulator":{"name":"functions"},"function":{"name":"us-central1-checkProviderOnboarding"},"extension":{},"message":"\u001b[90m> \u001b[39m Provider test-provider-123 onboarding status: { isOnboarded: null, xenditFound: false, firestoreFound: false }"}}
[debug] [2025-09-15T08:31:53.959Z] Finishing up request with event=pause {"metadata":{"emulator":{"name":"functions"},"function":{"name":"us-central1-checkProviderOnboarding"},"extension":{},"message":"Finishing up request with event=pause"}}
[info] i  functions: Finished "us-central1-checkProviderOnboarding" in 2139.574ms {"metadata":{"emulator":{"name":"functions"},"function":{"name":"us-central1-checkProviderOnboarding"},"extension":{},"message":"Finished \"us-central1-checkProviderOnboarding\" in 2139.574ms"}}
[debug] [2025-09-15T08:31:53.959Z] [worker-us-central1-checkProviderOnboarding-48b51acb-c88d-4779-bb56-d06e7493e51f]: IDLE {"metadata":{"emulator":{"name":"functions"},"function":{"name":"us-central1-checkProviderOnboarding"},"extension":{},"message":"[worker-us-central1-checkProviderOnboarding-48b51acb-c88d-4779-bb56-d06e7493e51f]: IDLE"}}
[debug] [2025-09-15T08:31:53.959Z] Finishing up request with event=finish {"metadata":{"emulator":{"name":"functions"},"function":{"name":"us-central1-checkProviderOnboarding"},"extension":{},"message":"Finishing up request with event=finish"}}
[debug] [2025-09-15T08:31:53.959Z] Finishing up request with event=close {"metadata":{"emulator":{"name":"functions"},"function":{"name":"us-central1-checkProviderOnboarding"},"extension":{},"message":"Finishing up request with event=close"}}
[debug] [2025-09-15T08:31:53.960Z] [work-queue] {"queuedWork":[],"queueLength":0,"runningWork":[],"workRunningCount":0}
